Forwarding from 0.0.0.0:3000 -> 3000
Forwarding from 0.0.0.0:5000 -> 5000
Handling connection for 3000
Handling connection for 3000
Handling connection for 5000
Handling connection for 5000
Handling connection for 3000
Handling connection for 5000
Handling connection for 5000
Handling connection for 3000
Handling connection for 3000
Handling connection for 5000
Handling connection for 5000
Handling connection for 5000
Handling connection for 5000
Handling connection for 5000
Handling connection for 5000
Handling connection for 5000
Handling connection for 5000
Handling connection for 3000
Handling connection for 3000
Handling connection for 5000
Handling connection for 5000
Handling connection for 5000
Handling connection for 5000
Handling connection for 5000
Handling connection for 5000
Forwarding from 0.0.0.0:3000 -> 3000
Forwarding from 0.0.0.0:5000 -> 5000
Handling connection for 3000
Handling connection for 3000
Handling connection for 5000
Handling connection for 5000
Handling connection for 5000
Handling connection for 5000
error: Service frontend-service does not have a service port 3000
Forwarding from 0.0.0.0:3000 -> 3000
Error from server (NotFound): services "frontend-service" not found
Handling connection for 3000
Handling connection for 3000
Unable to listen on port 3000: Listeners failed to create with the following errors: [unable to create listener: Error listen tcp4 0.0.0.0:3000: bind: address already in use]
error: unable to listen on any of the requested ports: [{3000 3000}]
Forwarding from 0.0.0.0:5000 -> 5000
Handling connection for 5000
Handling connection for 5000
Handling connection for 5000
E1205 18:55:47.565980   19485 portforward.go:404] "Unhandled Error" err="error copying from local connection to remote stream: writeto tcp4 172.31.14.170:5000->154.91.161.71:17991: read tcp4 172.31.14.170:5000->154.91.161.71:17991: read: connection reset by peer"
E1205 18:55:47.570273   19485 portforward.go:424] "Unhandled Error" err="an error occurred forwarding 5000 -> 5000: error forwarding port 5000 to pod 5ee7ffbf011572233b0446db67bbf927e2035a843cd9789e1fa747633b16766d, uid : failed to execute portforward in network namespace \"/var/run/netns/cni-4ff6c3c6-e164-96ba-2b73-fd2013c7e363\": readfrom tcp4 127.0.0.1:57066->127.0.0.1:5000: write tcp4 127.0.0.1:57066->127.0.0.1:5000: write: broken pipe"
error: lost connection to pod
Handling connection for 3000
Handling connection for 3000
Forwarding from 0.0.0.0:5000 -> 5000
Handling connection for 5000
Handling connection for 5000
Handling connection for 5000
Handling connection for 5000
Handling connection for 5000
Handling connection for 5000
Handling connection for 5000
Handling connection for 5000
Handling connection for 5000
Handling connection for 5000
Handling connection for 5000
Handling connection for 5000
Handling connection for 5000
Handling connection for 5000
Handling connection for 5000
Handling connection for 3000
Handling connection for 5000
Handling connection for 5000
Handling connection for 5000
Handling connection for 5000
Handling connection for 5000
Handling connection for 5000
Handling connection for 5000
Handling connection for 5000
Handling connection for 5000
Handling connection for 5000
Handling connection for 5000
Handling connection for 5000
Handling connection for 5000
Handling connection for 5000
Handling connection for 5000
Handling connection for 5000
Handling connection for 5000
Handling connection for 5000
